<?xml version="1.0" encoding="UTF-8"?>
<testng-results ignored="0" total="6" passed="6" failed="0" skipped="0">
  <reporter-output>
  </reporter-output>
  <suite started-at="2023-09-16T13:59:50 IST" name="Default suite" finished-at="2023-09-16T13:59:50 IST" duration-ms="92">
    <groups>
    </groups>
    <test started-at="2023-09-16T13:59:50 IST" name="Default test" finished-at="2023-09-16T13:59:50 IST" duration-ms="92">
      <class name="asseration.TestNG_Asseration">
        <test-method signature="equals()[pri:0, instance:asseration.TestNG_Asseration@35e2d654]" started-at="2023-09-16T13:59:50 IST" name="equals" finished-at="2023-09-16T13:59:50 IST" duration-ms="13" status="PASS">
          <reporter-output>
          </reporter-output>
        </test-method> <!-- equals -->
        <test-method signature="false1()[pri:0, instance:asseration.TestNG_Asseration@35e2d654]" started-at="2023-09-16T13:59:50 IST" name="false1" finished-at="2023-09-16T13:59:50 IST" duration-ms="3" status="PASS">
          <reporter-output>
          </reporter-output>
        </test-method> <!-- false1 -->
        <test-method signature="notequals()[pri:0, instance:asseration.TestNG_Asseration@35e2d654]" started-at="2023-09-16T13:59:50 IST" name="notequals" finished-at="2023-09-16T13:59:50 IST" duration-ms="2" status="PASS">
          <reporter-output>
          </reporter-output>
        </test-method> <!-- notequals -->
        <test-method signature="notnull1()[pri:0, instance:asseration.TestNG_Asseration@35e2d654]" started-at="2023-09-16T13:59:50 IST" name="notnull1" finished-at="2023-09-16T13:59:50 IST" duration-ms="2" status="PASS">
          <reporter-output>
          </reporter-output>
        </test-method> <!-- notnull1 -->
        <test-method signature="null1()[pri:0, instance:asseration.TestNG_Asseration@35e2d654]" started-at="2023-09-16T13:59:50 IST" name="null1" finished-at="2023-09-16T13:59:50 IST" duration-ms="1" status="PASS">
          <reporter-output>
          </reporter-output>
        </test-method> <!-- null1 -->
        <test-method signature="true1()[pri:0, instance:asseration.TestNG_Asseration@35e2d654]" started-at="2023-09-16T13:59:50 IST" name="true1" finished-at="2023-09-16T13:59:50 IST" duration-ms="2" status="PASS">
          <reporter-output>
          </reporter-output>
        </test-method> <!-- true1 -->
      </class> <!-- asseration.TestNG_Asseration -->
    </test> <!-- Default test -->
  </suite> <!-- Default suite -->
</testng-results>
