<?xml version="1.0" encoding="UTF-8"?>
<!-- Generated by org.testng.reporters.JUnitXMLReporter -->
<testsuite ignored="1" hostname="DESKTOP-JQAP8PL" failures="1" tests="15" name="Test" time="0.242" errors="0" timestamp="2023-09-15T21:54:45 IST">
  <testcase classname="testingBasic.Sample" name="test" time="0.015"/>
  <testcase classname="testingBasic.Example1" name="lop" time="0.003"/>
  <testcase classname="testingBasic.Example1" name="lop" time="0.004"/>
  <testcase classname="testingBasic.Example1" name="lop" time="0.002"/>
  <testcase classname="testingBasic.Example1" name="lop" time="0.007"/>
  <testcase classname="testingBasic.Example1" name="lop" time="0.002"/>
  <testcase classname="testingBasic.Example1" name="lop" time="0.008"/>
  <testcase classname="testingBasic.Example1" name="abc" time="0.007"/>
  <testcase classname="testingBasic.Example1" name="xyz" time="0.002"/>
  <testcase classname="testingBasic.Example2" name="login" time="0.009">
    <failure type="java.lang.AssertionError" message="null">
      <![CDATA[java.lang.AssertionError: null
at testingBasic.Example2.login(Example2.java:12)
at java.base/java.util.ArrayList.forEach(ArrayList.java:1511)
... Removed 27 stack frames]]>
    </failure>
  </testcase> <!-- login -->
  <testcase classname="testingBasic.Example2" name="home" time="0.004"/>
  <testcase classname="testingBasic.Example2" name="contact" time="0.0">
    <skipped/>
  </testcase> <!-- contact -->
  <testcase classname="testingBasic.Example3" name="lop" time="0.002"/>
  <testcase classname="testingBasic.Example3" name="abc" time="0.003"/>
  <testcase classname="pageLayer.Example1" name="abc" time="0.004"/>
  <testcase classname="testingBasic.Example3" name="xyz" time="0.0">
    <ignored/>
  </testcase> <!-- xyz -->
</testsuite> <!-- Test -->
